C51 COMPILER V9.60.0.0   01                                                                05/23/2021 15:00:53 PAGE 1   


C51 COMPILER V9.60.0.0, COMPILATION OF MODULE 01
OBJECT MODULE PLACED IN .\Objects\01.obj
COMPILER INVOKED BY: C:\Keil_v5\C51\BIN\C51.EXE 01.c OPTIMIZE(8,SPEED) BROWSE DEBUG OBJECTEXTEND PRINT(.\Listings\01.lst
                    -) TABS(2) OBJECT(.\Objects\01.obj)

line level    source

   1          #include"reg51.h"
   2          #define uchar unsigned char
   3          #define uint unsigned int
   4          uchar code tab[10] = {0x3f, 0x06, 0x5b, 0x4f, 0x66, 0x6d, 0x7d, 0x07, 0x7f, 0x6f};
   5          delay(uint t)
   6          {
   7   1          uint i, j;
   8   1          for(j = t; j > 0; j--)
   9   1              for(i = 110; i > 0; i--);
  10   1      }
  11          main()
  12          {
  13   1          uint n;
  14   1          while(1)
  15   1          {   for(n = 0; n < 10; n++)
  16   2              {
  17   3                  P2 = ~tab[n];
  18   3                  delay(1000);
  19   3              }
  20   2              for(n = 8; n > 0; n--) {
  21   3                  P2 = ~tab[n];
  22   3                  delay(1000);
  23   3              }
  24   2          }
  25   1      }
*** WARNING C290 IN LINE 10 OF 01.c: missing return value


MODULE INFORMATION:   STATIC OVERLAYABLE
   CODE SIZE        =     89    ----
   CONSTANT SIZE    =     10    ----
   XDATA SIZE       =   ----    ----
   PDATA SIZE       =   ----    ----
   DATA SIZE        =   ----    ----
   IDATA SIZE       =   ----    ----
   BIT SIZE         =   ----    ----
END OF MODULE INFORMATION.


C51 COMPILATION COMPLETE.  1 WARNING(S),  0 ERROR(S)
